
> password-generator@1.0.0 test
> mocha --reporter mocha-junit-reporter mocha-junit-reporter

